<?xml version="1.0" encoding="UTF-8"?>
<!-- Generated by org.testng.reporters.JUnitXMLReporter -->
<testsuite ignored="0" hostname="DESKTOP-I16IA9O" failures="0" tests="2" name="Surefire test" time="3.334" errors="0" timestamp="2024-12-02T13:22:13 EET">
  <testcase classname="io.cucumber.testng.AbstractTestNGCucumberTests" name="runScenario" time="2.792"/>
  <testcase classname="io.cucumber.testng.AbstractTestNGCucumberTests" name="runScenario" time="3.192"/>
</testsuite> <!-- Surefire test -->
