<?xml version="1.0" encoding="UTF-8"?>
<testng-results ignored="0" total="2" passed="2" failed="0" skipped="0">
  <reporter-output>
  </reporter-output>
  <suite started-at="2024-12-02T13:22:10 EET" name="Surefire suite" finished-at="2024-12-02T13:22:13 EET" duration-ms="3334">
    <groups>
      <group name="cucumber">
        <method signature="AbstractTestNGCucumberTests.runScenario(io.cucumber.testng.PickleWrapper,io.cucumber.testng.FeatureWrapper)[pri:0, instance:com.qacart.todo.runners.RunnerTest@5bd03f44]" name="runScenario" class="io.cucumber.testng.AbstractTestNGCucumberTests"/>
      </group> <!-- cucumber -->
    </groups>
    <test started-at="2024-12-02T13:22:10 EET" name="Surefire test" finished-at="2024-12-02T13:22:13 EET" duration-ms="3334">
      <class name="com.qacart.todo.runners.RunnerTest">
        <test-method is-config="true" signature="setUpClass(org.testng.ITestContext)[pri:0, instance:com.qacart.todo.runners.RunnerTest@5bd03f44]" started-at="2024-12-02T13:22:10 EET" name="setUpClass" finished-at="2024-12-02T13:22:10 EET" duration-ms="117" status="PASS">
          <params>
            <param index="0">
              <value>
                <![CDATA[org.testng.TestRunner@4d6025c5]]>
              </value>
            </param>
          </params>
          <reporter-output>
          </reporter-output>
        </test-method> <!-- setUpClass -->
        <test-method signature="runScenario(io.cucumber.testng.PickleWrapper,io.cucumber.testng.FeatureWrapper)[pri:0, instance:com.qacart.todo.runners.RunnerTest@5bd03f44]" started-at="2024-12-02T13:22:10 EET" name="runScenario" description="Runs Cucumber Scenarios" data-provider="scenarios" finished-at="2024-12-02T13:22:13 EET" duration-ms="2792" status="PASS">
          <params>
            <param index="0">
              <value>
                <![CDATA["User should be able to login"]]>
              </value>
            </param>
            <param index="1">
              <value>
                <![CDATA["User Feature"]]>
              </value>
            </param>
          </params>
          <reporter-output>
          </reporter-output>
        </test-method> <!-- runScenario -->
        <test-method signature="runScenario(io.cucumber.testng.PickleWrapper,io.cucumber.testng.FeatureWrapper)[pri:0, instance:com.qacart.todo.runners.RunnerTest@5bd03f44]" started-at="2024-12-02T13:22:10 EET" name="runScenario" description="Runs Cucumber Scenarios" data-provider="scenarios" finished-at="2024-12-02T13:22:13 EET" duration-ms="3192" status="PASS">
          <params>
            <param index="0">
              <value>
                <![CDATA["Should be able to add a todo"]]>
              </value>
            </param>
            <param index="1">
              <value>
                <![CDATA["Todo features"]]>
              </value>
            </param>
          </params>
          <reporter-output>
          </reporter-output>
        </test-method> <!-- runScenario -->
        <test-method is-config="true" signature="tearDownClass()[pri:0, instance:com.qacart.todo.runners.RunnerTest@5bd03f44]" started-at="2024-12-02T13:22:13 EET" name="tearDownClass" finished-at="2024-12-02T13:22:13 EET" duration-ms="1" status="PASS">
          <reporter-output>
          </reporter-output>
        </test-method> <!-- tearDownClass -->
      </class> <!-- com.qacart.todo.runners.RunnerTest -->
    </test> <!-- Surefire test -->
  </suite> <!-- Surefire suite -->
</testng-results>
